<?xml version="1.0" encoding="UTF-8"?>
<testng-results skipped="0" failed="1" total="2" passed="1">
  <reporter-output>
    <line>
      <![CDATA[Enter invalid mail id...]]>
    </line>
    <line>
      <![CDATA[Clicking subscribe btn...]]>
    </line>
    <line>
      <![CDATA[Search product...]]>
    </line>
    <line>
      <![CDATA[Clicking bold series cabinet...]]>
    </line>
    <line>
      <![CDATA[opening zip code textbox....]]>
    </line>
    <line>
      <![CDATA[Entering zipcode....]]>
    </line>
    <line>
      <![CDATA[clicking update button.....]]>
    </line>
    <line>
      <![CDATA[Selecting colour....]]>
    </line>
    <line>
      <![CDATA[Entering qty ....]]>
    </line>
    <line>
      <![CDATA[Adding to cart....]]>
    </line>
    <line>
      <![CDATA[Adding to set......]]>
    </line>
    <line>
      <![CDATA[viewing cart.....]]>
    </line>
  </reporter-output>
  <suite name="Default suite" duration-ms="112829" started-at="2022-03-15T12:24:33Z" finished-at="2022-03-15T12:26:26Z">
    <groups>
    </groups>
    <test name="Default test" duration-ms="112829" started-at="2022-03-15T12:24:33Z" finished-at="2022-03-15T12:26:26Z">
      <class name="test.priceTest">
        <test-method status="PASS" signature="setUp()[pri:0, instance:test.priceTest@17f6480]" name="setUp" is-config="true" duration-ms="22394" started-at="2022-03-15T17:54:33Z" finished-at="2022-03-15T17:54:56Z">
          <reporter-output>
          </reporter-output>
        </test-method> <!-- setUp -->
        <test-method status="FAIL" signature="verifySubscription()[pri:1, instance:test.priceTest@17f6480]" name="verifySubscription" duration-ms="3151" started-at="2022-03-15T17:54:56Z" finished-at="2022-03-15T17:54:59Z">
          <exception class="java.lang.AssertionError">
            <message>
              <![CDATA[expected [Invalid Email Address] but found []]]>
            </message>
            <full-stacktrace>
              <![CDATA[java.lang.AssertionError: expected [Invalid Email Address] but found []
	at org.testng.Assert.fail(Assert.java:94)
	at org.testng.Assert.failNotEquals(Assert.java:513)
	at org.testng.Assert.assertEqualsImpl(Assert.java:135)
	at org.testng.Assert.assertEquals(Assert.java:116)
	at org.testng.Assert.assertEquals(Assert.java:190)
	at org.testng.Assert.assertEquals(Assert.java:200)
	at test.priceTest.verifySubscription(priceTest.java:72)
	at sun.reflect.NativeMethodAccessorImpl.invoke0(Native Method)
	at sun.reflect.NativeMethodAccessorImpl.invoke(NativeMethodAccessorImpl.java:62)
	at sun.reflect.DelegatingMethodAccessorImpl.invoke(DelegatingMethodAccessorImpl.java:43)
	at java.lang.reflect.Method.invoke(Method.java:498)
	at org.testng.internal.MethodInvocationHelper.invokeMethod(MethodInvocationHelper.java:86)
	at org.testng.internal.Invoker.invokeMethod(Invoker.java:645)
	at org.testng.internal.Invoker.invokeTestMethod(Invoker.java:822)
	at org.testng.internal.Invoker.invokeTestMethods(Invoker.java:1130)
	at org.testng.internal.TestMethodWorker.invokeTestMethods(TestMethodWorker.java:129)
	at org.testng.internal.TestMethodWorker.run(TestMethodWorker.java:112)
	at org.testng.TestRunner.privateRun(TestRunner.java:782)
	at org.testng.TestRunner.run(TestRunner.java:632)
	at org.testng.SuiteRunner.runTest(SuiteRunner.java:366)
	at org.testng.SuiteRunner.runSequentially(SuiteRunner.java:361)
	at org.testng.SuiteRunner.privateRun(SuiteRunner.java:319)
	at org.testng.SuiteRunner.run(SuiteRunner.java:268)
	at org.testng.SuiteRunnerWorker.runSuite(SuiteRunnerWorker.java:52)
	at org.testng.SuiteRunnerWorker.run(SuiteRunnerWorker.java:86)
	at org.testng.TestNG.runSuitesSequentially(TestNG.java:1244)
	at org.testng.TestNG.runSuitesLocally(TestNG.java:1169)
	at org.testng.TestNG.run(TestNG.java:1064)
	at org.testng.remote.RemoteTestNG.run(RemoteTestNG.java:113)
	at org.testng.remote.RemoteTestNG.initAndRun(RemoteTestNG.java:206)
	at org.testng.remote.RemoteTestNG.main(RemoteTestNG.java:177)
]]>
            </full-stacktrace>
          </exception> <!-- java.lang.AssertionError -->
          <reporter-output>
            <line>
              <![CDATA[Enter invalid mail id...]]>
            </line>
            <line>
              <![CDATA[Clicking subscribe btn...]]>
            </line>
          </reporter-output>
        </test-method> <!-- verifySubscription -->
        <test-method status="PASS" signature="verifyTotalPriceInSummary()[pri:2, instance:test.priceTest@17f6480]" name="verifyTotalPriceInSummary" duration-ms="87239" started-at="2022-03-15T17:54:59Z" finished-at="2022-03-15T17:56:26Z">
          <reporter-output>
            <line>
              <![CDATA[Search product...]]>
            </line>
            <line>
              <![CDATA[Clicking bold series cabinet...]]>
            </line>
            <line>
              <![CDATA[opening zip code textbox....]]>
            </line>
            <line>
              <![CDATA[Entering zipcode....]]>
            </line>
            <line>
              <![CDATA[clicking update button.....]]>
            </line>
            <line>
              <![CDATA[Selecting colour....]]>
            </line>
            <line>
              <![CDATA[Entering qty ....]]>
            </line>
            <line>
              <![CDATA[Adding to cart....]]>
            </line>
            <line>
              <![CDATA[Adding to set......]]>
            </line>
            <line>
              <![CDATA[viewing cart.....]]>
            </line>
          </reporter-output>
        </test-method> <!-- verifyTotalPriceInSummary -->
      </class> <!-- test.priceTest -->
    </test> <!-- Default test -->
  </suite> <!-- Default suite -->
</testng-results>
